[0m23:35:10.915369 [debug] [MainThread]: Sending event: {'category': 'dbt', 'action': 'invocation', 'label': 'start', 'context': [<snowplow_tracker.self_describing_json.SelfDescribingJson object at 0x797f9a409820>, <snowplow_tracker.self_describing_json.SelfDescribingJson object at 0x797f99fdc620>, <snowplow_tracker.self_describing_json.SelfDescribingJson object at 0x797f99aba720>]}


============================== 23:35:10.924233 | 47c159e1-6015-4c02-90ee-12c2a09137c1 ==============================
[0m23:35:10.924233 [info ] [MainThread]: Running with dbt=1.9.0
[0m23:35:10.926344 [debug] [MainThread]: running dbt with arguments {'printer_width': '80', 'indirect_selection': 'eager', 'write_json': 'True', 'log_cache_events': 'False', 'partial_parse': 'True', 'cache_selected_only': 'False', 'profiles_dir': '/root/.dbt', 'debug': 'False', 'version_check': 'True', 'log_path': 'logs', 'fail_fast': 'False', 'warn_error': 'None', 'use_colors': 'True', 'use_experimental_parser': 'False', 'no_print': 'None', 'quiet': 'False', 'empty': 'None', 'log_format': 'default', 'introspect': 'True', 'static_parser': 'True', 'invocation_command': 'dbt init my_project', 'target_path': 'None', 'warn_error_options': 'WarnErrorOptions(include=[], exclude=[])', 'send_anonymous_usage_stats': 'True'}
[0m23:35:10.986248 [warn ] [MainThread]: [ConfigFolderDirectory]: Unable to parse logging event dictionary. Failed to parse dir field: expected string or bytes-like object, got 'PosixPath'.. Dictionary: {'dir': PosixPath('/root/.dbt')}
[0m23:35:10.986898 [info ] [MainThread]: Creating dbt configuration folder at 
[0m23:35:10.989503 [debug] [MainThread]: Starter project path: /usr/local/lib/python3.12/site-packages/dbt/include/starter_project
[0m23:35:11.002520 [info ] [MainThread]: 
Your new dbt project "my_project" was created!

For more information on how to configure the profiles.yml file,
please consult the dbt documentation here:

  https://docs.getdbt.com/docs/configure-your-profile

One more thing:

Need help? Don't hesitate to reach out to us via GitHub issues or on Slack:

  https://community.getdbt.com/

Happy modeling!

[0m23:35:11.003726 [info ] [MainThread]: Setting up your profile.
[0m23:35:11.004806 [error] [MainThread]: Encountered an error:

[0m23:35:11.007253 [error] [MainThread]: Traceback (most recent call last):
  File "/usr/local/lib/python3.12/site-packages/dbt/cli/requires.py", line 153, in wrapper
    result, success = func(*args, **kwargs)
                      ^^^^^^^^^^^^^^^^^^^^^
  File "/usr/local/lib/python3.12/site-packages/dbt/cli/requires.py", line 103, in wrapper
    return func(*args, **kwargs)
           ^^^^^^^^^^^^^^^^^^^^^
  File "/usr/local/lib/python3.12/site-packages/dbt/cli/main.py", line 477, in init
    results = task.run()
              ^^^^^^^^^^
  File "/usr/local/lib/python3.12/site-packages/dbt/task/init.py", line 346, in run
    self.setup_profile(profile_name)
  File "/usr/local/lib/python3.12/site-packages/dbt/task/init.py", line 261, in setup_profile
    adapter = self.ask_for_adapter_choice()
              ^^^^^^^^^^^^^^^^^^^^^^^^^^^^^
  File "/usr/local/lib/python3.12/site-packages/dbt/task/init.py", line 242, in ask_for_adapter_choice
    numeric_choice = click.prompt(prompt_msg, type=click.INT)
                     ^^^^^^^^^^^^^^^^^^^^^^^^^^^^^^^^^^^^^^^^
  File "/usr/local/lib/python3.12/site-packages/click/termui.py", line 164, in prompt
    value = prompt_func(prompt)
            ^^^^^^^^^^^^^^^^^^^
  File "/usr/local/lib/python3.12/site-packages/click/termui.py", line 147, in prompt_func
    raise Abort() from None
click.exceptions.Abort

[0m23:35:11.008908 [debug] [MainThread]: Resource report: {"command_name": "init", "command_success": false, "command_wall_clock_time": 0.15263593, "process_in_blocks": "0", "process_kernel_time": 0.352605, "process_mem_max_rss": "87500", "process_out_blocks": "1528", "process_user_time": 1.630801}
[0m23:35:11.009776 [debug] [MainThread]: Command `dbt init` failed at 23:35:11.009587 after 0.15 seconds
[0m23:35:11.010354 [debug] [MainThread]: Sending event: {'category': 'dbt', 'action': 'invocation', 'label': 'end', 'context': [<snowplow_tracker.self_describing_json.SelfDescribingJson object at 0x797f99981dc0>, <snowplow_tracker.self_describing_json.SelfDescribingJson object at 0x797f9970fad0>, <snowplow_tracker.self_describing_json.SelfDescribingJson object at 0x797f99fc3560>]}
[0m23:35:11.010879 [debug] [MainThread]: Flushing usage events
[0m23:35:11.868971 [debug] [MainThread]: An error was encountered while trying to flush usage events
[0m01:16:23.928822 [debug] [MainThread]: Sending event: {'category': 'dbt', 'action': 'invocation', 'label': 'start', 'context': [<snowplow_tracker.self_describing_json.SelfDescribingJson object at 0x7634a0485ca0>, <snowplow_tracker.self_describing_json.SelfDescribingJson object at 0x7634a07c6930>, <snowplow_tracker.self_describing_json.SelfDescribingJson object at 0x7634a01ecbc0>]}


============================== 01:16:23.937813 | 2b906ca3-ad1c-4fd3-b10e-3622772d1fd0 ==============================
[0m01:16:23.937813 [info ] [MainThread]: Running with dbt=1.9.0
[0m01:16:23.938431 [debug] [MainThread]: running dbt with arguments {'printer_width': '80', 'indirect_selection': 'eager', 'log_cache_events': 'False', 'write_json': 'True', 'partial_parse': 'True', 'cache_selected_only': 'False', 'warn_error': 'None', 'debug': 'False', 'fail_fast': 'False', 'log_path': 'logs', 'version_check': 'True', 'profiles_dir': '/root/.dbt', 'use_colors': 'True', 'use_experimental_parser': 'False', 'empty': 'None', 'quiet': 'False', 'no_print': 'None', 'warn_error_options': 'WarnErrorOptions(include=[], exclude=[])', 'invocation_command': 'dbt init my_project', 'log_format': 'default', 'static_parser': 'True', 'target_path': 'None', 'introspect': 'True', 'send_anonymous_usage_stats': 'True'}
[0m01:16:23.984708 [warn ] [MainThread]: [ConfigFolderDirectory]: Unable to parse logging event dictionary. Failed to parse dir field: expected string or bytes-like object, got 'PosixPath'.. Dictionary: {'dir': PosixPath('/root/.dbt')}
[0m01:16:23.985768 [info ] [MainThread]: Creating dbt configuration folder at 
[0m01:16:23.987946 [info ] [MainThread]: A project called my_project already exists here.
[0m01:16:23.989266 [debug] [MainThread]: Resource report: {"command_name": "init", "command_success": true, "command_wall_clock_time": 0.10430937, "process_in_blocks": "0", "process_kernel_time": 0.565787, "process_mem_max_rss": "87288", "process_out_blocks": "1472", "process_user_time": 1.280044}
[0m01:16:23.989868 [debug] [MainThread]: Command `dbt init` succeeded at 01:16:23.989738 after 0.11 seconds
[0m01:16:23.990224 [debug] [MainThread]: Sending event: {'category': 'dbt', 'action': 'invocation', 'label': 'end', 'context': [<snowplow_tracker.self_describing_json.SelfDescribingJson object at 0x7634a0169bb0>, <snowplow_tracker.self_describing_json.SelfDescribingJson object at 0x7634a0bd0260>, <snowplow_tracker.self_describing_json.SelfDescribingJson object at 0x7634a0a82cc0>]}
[0m01:16:23.990607 [debug] [MainThread]: Flushing usage events
[0m01:16:24.822423 [debug] [MainThread]: An error was encountered while trying to flush usage events
[0m01:18:50.508634 [debug] [MainThread]: Sending event: {'category': 'dbt', 'action': 'invocation', 'label': 'start', 'context': [<snowplow_tracker.self_describing_json.SelfDescribingJson object at 0x7c9277a0fd70>, <snowplow_tracker.self_describing_json.SelfDescribingJson object at 0x7c92789b4dd0>, <snowplow_tracker.self_describing_json.SelfDescribingJson object at 0x7c9278a0d3d0>]}


============================== 01:18:50.522187 | e85e5aa3-af16-4e57-8f7a-7ff497d22560 ==============================
[0m01:18:50.522187 [info ] [MainThread]: Running with dbt=1.9.0
[0m01:18:50.522785 [debug] [MainThread]: running dbt with arguments {'printer_width': '80', 'indirect_selection': 'eager', 'log_cache_events': 'False', 'write_json': 'True', 'partial_parse': 'True', 'cache_selected_only': 'False', 'profiles_dir': '/root/.dbt', 'fail_fast': 'False', 'version_check': 'True', 'log_path': 'logs', 'warn_error': 'None', 'debug': 'False', 'use_colors': 'True', 'use_experimental_parser': 'False', 'empty': 'None', 'quiet': 'False', 'no_print': 'None', 'warn_error_options': 'WarnErrorOptions(include=[], exclude=[])', 'invocation_command': 'dbt init my_project', 'log_format': 'default', 'static_parser': 'True', 'target_path': 'None', 'introspect': 'True', 'send_anonymous_usage_stats': 'True'}
[0m01:18:50.572281 [warn ] [MainThread]: [ConfigFolderDirectory]: Unable to parse logging event dictionary. Failed to parse dir field: expected string or bytes-like object, got 'PosixPath'.. Dictionary: {'dir': PosixPath('/root/.dbt')}
[0m01:18:50.572899 [info ] [MainThread]: Creating dbt configuration folder at 
[0m01:18:50.575134 [info ] [MainThread]: A project called my_project already exists here.
[0m01:18:50.576476 [debug] [MainThread]: Resource report: {"command_name": "init", "command_success": true, "command_wall_clock_time": 0.11500063, "process_in_blocks": "0", "process_kernel_time": 0.441023, "process_mem_max_rss": "87136", "process_out_blocks": "1480", "process_user_time": 1.343301}
[0m01:18:50.577194 [debug] [MainThread]: Command `dbt init` succeeded at 01:18:50.577043 after 0.12 seconds
[0m01:18:50.577598 [debug] [MainThread]: Sending event: {'category': 'dbt', 'action': 'invocation', 'label': 'end', 'context': [<snowplow_tracker.self_describing_json.SelfDescribingJson object at 0x7c9277a41c40>, <snowplow_tracker.self_describing_json.SelfDescribingJson object at 0x7c927798a840>, <snowplow_tracker.self_describing_json.SelfDescribingJson object at 0x7c927942c0b0>]}
[0m01:18:50.577977 [debug] [MainThread]: Flushing usage events
[0m01:18:51.367108 [debug] [MainThread]: An error was encountered while trying to flush usage events
[0m01:25:35.096680 [debug] [MainThread]: Sending event: {'category': 'dbt', 'action': 'invocation', 'label': 'start', 'context': [<snowplow_tracker.self_describing_json.SelfDescribingJson object at 0x7e8fe0afbb00>, <snowplow_tracker.self_describing_json.SelfDescribingJson object at 0x7e8fe1ada570>, <snowplow_tracker.self_describing_json.SelfDescribingJson object at 0x7e8fe10ebce0>]}


============================== 01:25:35.103749 | 6bb1bff4-216b-462c-a6f9-18326a06b6fe ==============================
[0m01:25:35.103749 [info ] [MainThread]: Running with dbt=1.9.0
[0m01:25:35.104418 [debug] [MainThread]: running dbt with arguments {'printer_width': '80', 'indirect_selection': 'eager', 'write_json': 'True', 'log_cache_events': 'False', 'partial_parse': 'True', 'cache_selected_only': 'False', 'profiles_dir': '/root/.dbt', 'fail_fast': 'False', 'debug': 'False', 'log_path': 'logs', 'warn_error': 'None', 'version_check': 'True', 'use_colors': 'True', 'use_experimental_parser': 'False', 'no_print': 'None', 'quiet': 'False', 'empty': 'None', 'warn_error_options': 'WarnErrorOptions(include=[], exclude=[])', 'static_parser': 'True', 'invocation_command': 'dbt debug', 'introspect': 'True', 'target_path': 'None', 'log_format': 'default', 'send_anonymous_usage_stats': 'True'}
[0m01:25:35.150711 [info ] [MainThread]: dbt version: 1.9.0
[0m01:25:35.151368 [info ] [MainThread]: python version: 3.12.4
[0m01:25:35.151838 [info ] [MainThread]: python path: /usr/local/bin/python
[0m01:25:35.152234 [info ] [MainThread]: os info: Linux-6.6.87.2-microsoft-standard-WSL2-x86_64-with-glibc2.31
[0m01:25:35.152666 [info ] [MainThread]: Using profiles dir at /root/.dbt
[0m01:25:35.153054 [info ] [MainThread]: Using profiles.yml file at /root/.dbt/profiles.yml
[0m01:25:35.153408 [info ] [MainThread]: Using dbt_project.yml file at /usr/app/dbt_project.yml
[0m01:25:35.153802 [info ] [MainThread]: Configuration:
[0m01:25:35.154165 [info ] [MainThread]:   profiles.yml file [[31mERROR not found[0m]
[0m01:25:35.154456 [info ] [MainThread]:   dbt_project.yml file [[31mERROR not found[0m]
[0m01:25:35.154831 [info ] [MainThread]: Required dependencies:
[0m01:25:35.155177 [debug] [MainThread]: Executing "git --help"
[0m01:25:35.162164 [debug] [MainThread]: STDOUT: "b"usage: git [--version] [--help] [-C <path>] [-c <name>=<value>]\n           [--exec-path[=<path>]] [--html-path] [--man-path] [--info-path]\n           [-p | --paginate | -P | --no-pager] [--no-replace-objects] [--bare]\n           [--git-dir=<path>] [--work-tree=<path>] [--namespace=<name>]\n           <command> [<args>]\n\nThese are common Git commands used in various situations:\n\nstart a working area (see also: git help tutorial)\n   clone             Clone a repository into a new directory\n   init              Create an empty Git repository or reinitialize an existing one\n\nwork on the current change (see also: git help everyday)\n   add               Add file contents to the index\n   mv                Move or rename a file, a directory, or a symlink\n   restore           Restore working tree files\n   rm                Remove files from the working tree and from the index\n   sparse-checkout   Initialize and modify the sparse-checkout\n\nexamine the history and state (see also: git help revisions)\n   bisect            Use binary search to find the commit that introduced a bug\n   diff              Show changes between commits, commit and working tree, etc\n   grep              Print lines matching a pattern\n   log               Show commit logs\n   show              Show various types of objects\n   status            Show the working tree status\n\ngrow, mark and tweak your common history\n   branch            List, create, or delete branches\n   commit            Record changes to the repository\n   merge             Join two or more development histories together\n   rebase            Reapply commits on top of another base tip\n   reset             Reset current HEAD to the specified state\n   switch            Switch branches\n   tag               Create, list, delete or verify a tag object signed with GPG\n\ncollaborate (see also: git help workflows)\n   fetch             Download objects and refs from another repository\n   pull              Fetch from and integrate with another repository or a local branch\n   push              Update remote refs along with associated objects\n\n'git help -a' and 'git help -g' list available subcommands and some\nconcept guides. See 'git help <command>' or 'git help <concept>'\nto read about a specific subcommand or concept.\nSee 'git help git' for an overview of the system.\n""
[0m01:25:35.162687 [debug] [MainThread]: STDERR: "b''"
[0m01:25:35.163010 [info ] [MainThread]:  - git [[32mOK found[0m]

[0m01:25:35.163322 [info ] [MainThread]: Connection test skipped since no profile was found
[0m01:25:35.163777 [info ] [MainThread]: [31m2 checks failed:[0m
[0m01:25:35.164102 [info ] [MainThread]: dbt looked for a profiles.yml file in /root/.dbt/profiles.yml, but did
not find one. For more information on configuring your profile, consult the
documentation:

https://docs.getdbt.com/docs/configure-your-profile


[0m01:25:35.164445 [info ] [MainThread]: Project loading failed for the following reason:
 project path </usr/app/dbt_project.yml> not found

[0m01:25:35.165675 [debug] [MainThread]: Resource report: {"command_name": "debug", "command_success": false, "command_wall_clock_time": 0.11051918, "process_in_blocks": "0", "process_kernel_time": 0.242619, "process_mem_max_rss": "87476", "process_out_blocks": "1480", "process_user_time": 1.296621}
[0m01:25:35.166283 [debug] [MainThread]: Command `dbt debug` failed at 01:25:35.166163 after 0.11 seconds
[0m01:25:35.166642 [debug] [MainThread]: Sending event: {'category': 'dbt', 'action': 'invocation', 'label': 'end', 'context': [<snowplow_tracker.self_describing_json.SelfDescribingJson object at 0x7e8fe0afbb00>, <snowplow_tracker.self_describing_json.SelfDescribingJson object at 0x7e8fe3d62900>, <snowplow_tracker.self_describing_json.SelfDescribingJson object at 0x7e8fe0831dc0>]}
[0m01:25:35.166997 [debug] [MainThread]: Flushing usage events
[0m01:25:35.965928 [debug] [MainThread]: An error was encountered while trying to flush usage events
